This is log file : 

"_raw":"  Rendered /usr/local/bundle/gems/railties-5.0.0.1/lib/rails/templates/rails/welcome/index.html.erb (2.7ms)\nCompleted 200 OK in 4ms (Views: 3.6ms | ActiveRecord: 0.0ms)"
"_raw":"  Rendering /usr/local/bundle/gems/railties-5.0.0.1/lib/rails/templates/rails/welcome/index.html.erb"
"_raw":"  Parameters: {\"
"_raw":"  Rendering /usr/local/bundle/gems/railties-5.0.0.1/lib/rails/templates/rails/welcome/index.html.erb"
"_raw":"  Parameters: {\"
"_raw":"  Rendering /usr/local/bundle/gems/railties-5.0.0.1/lib/rails/templates/rails/welcome/index.html.erb"
"_raw":"  Parameters: {\"
"_raw":"  Rendering /usr/local/bundle/gems/railties-5.0.0.1/lib/rails/templates/rails/welcome/index.html.erb"
"_raw":"  Parameters: {\"
"_raw":"  Rendering /usr/local/bundle/gems/railties-5.0.0.1/lib/rails/templates/rails/welcome/index.html.erb"
"_raw":"  Parameters: {\"
"_raw":"  Rendering /usr/local/bundle/gems/railties-5.0.0.1/lib/rails/templates/rails/welcome/index.html.erb"
"_raw":"  Parameters: {\"
"_raw":"  [1m[36mActiveRecord::SchemaMigration Load (3.1ms)[0m  [1m[34mSELECT `schema_migrations`.* FROM `schema_migrations`[0m\nProcessing by Rails::WelcomeController#index as */*"
"_raw":"  AND fk.table_name = 'users'\n[0m"
"_raw":"  AND fk.table_schema = 'auth_api_dev'"
"_raw":"  [1m[35m (0.3ms)[0m  [1m[34mSELECT fk.referenced_table_name as 'to_table'\n      ,fk.referenced_column_name as 'primary_key'\n      ,fk.column_name as 'column'\n      ,fk.constraint_name as 'name'\nFROM information_schema.key_column_usage fk\nWHERE fk.referenced_column_name is not null"
"_raw":"  [1m[35m (0.3ms)[0m  [1m[35mSHOW TABLE STATUS LIKE 'users'[0m"
"_raw":"  [1m[35m (0.2ms)[0m  [1m[35mSHOW CREATE TABLE `users`[0m"
"_raw":"  [1m[36mActiveRecord::SchemaMigration Load (0.2ms)[0m  [1m[34mSELECT `schema_migrations`.* FROM `schema_migrations`[0m"
"_raw":"  [1m[35m (0.2ms)[0m  [1m[34mSELECT RELEASE_LOCK('993383321425747770')[0m"
"_raw":"  [1m[35m (1.9ms)[0m  [1m[35mCOMMIT[0m"
"_raw":"  [1m[35m (0.1ms)[0m  [1m[35mBEGIN[0m"
"_raw":"  [1m[36mActiveRecord::InternalMetadata Load (0.3ms)[0m  [1m[34mSELECT  `ar_internal_metadata`.* FROM `ar_internal_metadata` WHERE `ar_internal_metadata`.`key` = 'environment' LIMIT 1[0m"
"_raw":"  [1m[35m (3.3ms)[0m  [1m[35mCOMMIT[0m"
"_raw":"  [1m[35m (4.6ms)[0m  [1m[35mBEGIN[0m"
"_raw":"  [1m[35m (12.2ms)[0m  [1m[35mCREATE UNIQUE INDEX `index_users_on_reset_password_token`  ON `users` (`reset_password_token`) [0m"
"_raw":"  [1m[35m (14.4ms)[0m  [1m[35mCREATE UNIQUE INDEX `index_users_on_uid_and_provider`  ON `users` (`uid`, `provider`) [0m"
"_raw":"  [1m[35m (11.0ms)[0m  [1m[35mCREATE  INDEX `index_users_on_email`  ON `users` (`email`) [0m"
"_raw":"  [1m[35m (28.7ms)[0m  [1m[35mCREATE TABLE `users` (`id` int AUTO_INCREMENT PRIMARY KEY, `provider` varchar(255) DEFAULT 'email' NOT NULL, `uid` varchar(255) DEFAULT '' NOT NULL, `encrypted_password` varchar(255) DEFAULT '' NOT NULL, `reset_password_token` varchar(255), `reset_password_sent_at` datetime, `remember_created_at` datetime, `sign_in_count` int DEFAULT 0 NOT NULL, `current_sign_in_at` datetime, `last_sign_in_at` datetime, `current_sign_in_ip` varchar(255), `last_sign_in_ip` varchar(255), `confirmation_token` varchar(255), `confirmed_at` datetime, `confirmation_sent_at` datetime, `unconfirmed_email` varchar(255), `name` varchar(255), `nickname` varchar(255), `image` varchar(255), `email` varchar(255), `tokens` text, `created_at` datetime NOT NULL, `updated_at` datetime NOT NULL) ENGINE=InnoDB[0m"
"_raw":"  [1m[36mActiveRecord::SchemaMigration Load (13.2ms)[0m  [1m[34mSELECT `schema_migrations`.* FROM `schema_migrations`[0m\nMigrating to DeviseTokenAuthCreateUsers (20161030215721)"
"_raw":"  [1m[35m (0.2ms)[0m  [1m[34mSELECT GET_LOCK('993383321425747770', 0);[0m"
"_raw":"  [1m[35m (0.2ms)[0m  [1m[34mSELECT DATABASE() as db[0m"
"_raw":"  [1m[35m (17.7ms)[0m  [1m[35mCREATE TABLE `ar_internal_metadata` (`key` varchar(255) PRIMARY KEY, `value` varchar(255), `created_at` datetime NOT NULL, `updated_at` datetime NOT NULL) ENGINE=InnoDB[0m"
"_raw":"  [1m[35m (18.5ms)[0m  [1m[35mCREATE TABLE `schema_migrations` (`version` varchar(255) PRIMARY KEY) ENGINE=InnoDB[0m"
"_raw":"  Rendered /usr/local/bundle/gems/railties-5.0.0.1/lib/rails/templates/rails/welcome/index.html.erb (9.1ms)\nCompleted 200 OK in 41ms (Views: 30.6ms | ActiveRecord: 0.0ms)"
"_raw":"  Rendering /usr/local/bundle/gems/railties-5.0.0.1/lib/rails/templates/rails/welcome/index.html.erb"
"_raw":"  Parameters: {\"
"_raw":"  [1m[36mActiveRecord::SchemaMigration Load (0.3ms)[0m  [1m[34mSELECT `schema_migrations`.* FROM `schema_migrations`[0m\nProcessing by Rails::WelcomeController#index as */*"
"_raw":"  AND fk.table_name = 'users'\n[0m"
"_raw":"  AND fk.table_schema = 'auth_api_dev'"
"_raw":"  [1m[35m (0.3ms)[0m  [1m[34mSELECT fk.referenced_table_name as 'to_table'\n      ,fk.referenced_column_name as 'primary_key'\n      ,fk.column_name as 'column'\n      ,fk.constraint_name as 'name'\nFROM information_schema.key_column_usage fk\nWHERE fk.referenced_column_name is not null"
"_raw":"  [1m[35m (0.3ms)[0m  [1m[35mSHOW TABLE STATUS LIKE 'users'[0m"
"_raw":"  [1m[35m (0.2ms)[0m  [1m[35mSHOW CREATE TABLE `users`[0m"
"_raw":"  [1m[36mActiveRecord::SchemaMigration Load (0.2ms)[0m  [1m[34mSELECT `schema_migrations`.* FROM `schema_migrations`[0m"
"_raw":"  [1m[35m (0.2ms)[0m  [1m[34mSELECT RELEASE_LOCK('993383321425747770')[0m"
"_raw":"  [1m[35m (1.9ms)[0m  [1m[35mCOMMIT[0m"
"_raw":"  [1m[35m (0.1ms)[0m  [1m[35mBEGIN[0m"
"_raw":"  [1m[36mActiveRecord::InternalMetadata Load (0.3ms)[0m  [1m[34mSELECT  `ar_internal_metadata`.* FROM `ar_internal_metadata` WHERE `ar_internal_metadata`.`key` = 'environment' LIMIT 1[0m"
"_raw":"  [1m[35m (2.0ms)[0m  [1m[35mCOMMIT[0m"
this is the end linethis is the end line"_raw":"  [1m[35mSQL (0.2ms)[0m  [1m[32mINSERT INTO `schema_migrations` (`version`) VALUES ('20161030215721')[0m"
"_raw":"  [1m[35m (0.2ms)[0m  [1m[35mBEGIN[0m"
"_raw":"  [1m[35m (19.1ms)[0m  [1m[35mCREATE UNIQUE INDEX `index_users_on_reset_password_token`  ON `users` (`reset_password_token`) [0m"
"_raw":"  [1m[35m (14.8ms)[0m  [1m[35mCREATE UNIQUE INDEX `index_users_on_uid_and_provider`  ON `users` (`uid`, `provider`) [0m"
"_raw":"  [1m[35m (12.9ms)[0m  [1m[35mCREATE  INDEX `index_users_on_email`  ON `users` (`email`) [0m"
"_raw":"  [1m[35m (16.4ms)[0m  [1m[35mCREATE TABLE `users` (`id` int AUTO_INCREMENT PRIMARY KEY, `provider` varchar(255) DEFAULT 'email' NOT NULL, `uid` varchar(255) DEFAULT '' NOT NULL, `encrypted_password` varchar(255) DEFAULT '' NOT NULL, `reset_password_token` varchar(255), `reset_password_sent_at` datetime, `remember_created_at` datetime, `sign_in_count` int DEFAULT 0 NOT NULL, `current_sign_in_at` datetime, `last_sign_in_at` datetime, `current_sign_in_ip` varchar(255), `last_sign_in_ip` varchar(255), `confirmation_token` varchar(255), `confirmed_at` datetime, `confirmation_sent_at` datetime, `unconfirmed_email` varchar(255), `name` varchar(255), `nickname` varchar(255), `image` varchar(255), `email` varchar(255), `tokens` text, `created_at` datetime NOT NULL, `updated_at` datetime NOT NULL) ENGINE=InnoDB[0m"
"_raw":"  [1m[36mActiveRecord::SchemaMigration Load (6.2ms)[0m  [1m[34mSELECT `schema_migrations`.* FROM `schema_migrations`[0m\nMigrating to DeviseTokenAuthCreateUsers (20161030215721)"
"_raw":"  [1m[35m (0.2ms)[0m  [1m[34mSELECT GET_LOCK('993383321425747770', 0);[0m"
"_raw":"  [1m[35m (0.5ms)[0m  [1m[34mSELECT DATABASE() as db[0m"
"_raw":"  [1m[35m (18.9ms)[0m  [1m[35mCREATE TABLE `ar_internal_metadata` (`key` varchar(255) PRIMARY KEY, `value` varchar(255), `created_at` datetime NOT NULL, `updated_at` datetime NOT NULL) ENGINE=InnoDB[0m"
"_raw":"  [1m[35m (15.1ms)[0m  [1m[35mCREATE TABLE `schema_migrations` (`version` varchar(255) PRIMARY KEY) ENGINE=InnoDB[0m"
"_raw":"  Rendering /usr/local/bundle/gems/railties-5.0.0.1/lib/rails/templates/rails/welcome/index.html.erb"
"_raw":"  Parameters: {\"
"_raw":"  [1m[36mActiveRecord::SchemaMigration Load (0.3ms)[0m  [1m[34mSELECT `schema_migrations`.* FROM `schema_migrations`[0m\nProcessing by Rails::WelcomeController#index as HTML"
"_raw":"  AND fk.table_name = 'users'\n[0m"
"_raw":"  AND fk.table_schema = 'auth_api_dev'"
"_raw":"  [1m[35m (0.3ms)[0m  [1m[34mSELECT fk.referenced_table_name as 'to_table'\n      ,fk.referenced_column_name as 'primary_key'\n      ,fk.column_name as 'column'\n      ,fk.constraint_name as 'name'\nFROM information_schema.key_column_usage fk\nWHERE fk.referenced_column_name is not null"
"_raw":"  [1m[35m (0.3ms)[0m  [1m[35mSHOW TABLE STATUS LIKE 'users'[0m"
"_raw":"  [1m[35m (0.7ms)[0m  [1m[35mSHOW CREATE TABLE `users`[0m"
"_raw":"  [1m[36mActiveRecord::SchemaMigration Load (0.2ms)[0m  [1m[34mSELECT `schema_migrations`.* FROM `schema_migrations`[0m"
"_raw":"  [1m[35m (0.2ms)[0m  [1m[34mSELECT RELEASE_LOCK('993383321425747770')[0m"
"_raw":"  [1m[35m (2.1ms)[0m  [1m[35mCOMMIT[0m"
"_raw":"  [1m[35m (0.1ms)[0m  [1m[35mBEGIN[0m"
"_raw":"  [1m[36mActiveRecord::InternalMetadata Load (0.2ms)[0m  [1m[34mSELECT  `ar_internal_metadata`.* FROM `ar_internal_metadata` WHERE `ar_internal_metadata`.`key` = 'environment' LIMIT 1[0m"
"_raw":"  [1m[35m (2.5ms)[0m  [1m[35mCOMMIT[0m"
"_raw":"  [1m[35mSQL (0.2ms)[0m  [1m[32mINSERT INTO `schema_migrations` (`version`) VALUES ('20161030215721')[0m"
"_raw":"  [1m[35m (0.1ms)[0m  [1m[35mBEGIN[0m"
"_raw":"  [1m[35m (11.5ms)[0m  [1m[35mCREATE UNIQUE INDEX `index_users_on_reset_password_token`  ON `users` (`reset_password_token`) [0m"
"_raw":"  [1m[35m (18.2ms)[0m  [1m[35mCREATE UNIQUE INDEX `index_users_on_uid_and_provider`  ON `users` (`uid`, `provider`) [0m"
"_raw":"  [1m[35m (42.6ms)[0m  [1m[35mCREATE  INDEX `index_users_on_email`  ON `users` (`email`) [0m"
"_raw":"  [1m[35m (15.1ms)[0m  [1m[35mCREATE TABLE `users` (`id` int AUTO_INCREMENT PRIMARY KEY, `provider` varchar(255) DEFAULT 'email' NOT NULL, `uid` varchar(255) DEFAULT '' NOT NULL, `encrypted_password` varchar(255) DEFAULT '' NOT NULL, `reset_password_token` varchar(255), `reset_password_sent_at` datetime, `remember_created_at` datetime, `sign_in_count` int DEFAULT 0 NOT NULL, `current_sign_in_at` datetime, `last_sign_in_at` datetime, `current_sign_in_ip` varchar(255), `last_sign_in_ip` varchar(255), `confirmation_token` varchar(255), `confirmed_at` datetime, `confirmation_sent_at` datetime, `unconfirmed_email` varchar(255), `name` varchar(255), `nickname` varchar(255), `image` varchar(255), `email` varchar(255), `tokens` text, `created_at` datetime NOT NULL, `updated_at` datetime NOT NULL) ENGINE=InnoDB[0m"
"_raw":"  [1m[36mActiveRecord::SchemaMigration Load (10.2ms)[0m  [1m[34mSELECT `schema_migrations`.* FROM `schema_migrations`[0m\nMigrating to DeviseTokenAuthCreateUsers (20161030215721)"
"_raw":"  [1m[35m (0.1ms)[0m  [1m[34mSELECT GET_LOCK('993383321425747770', 0);[0m"
"_raw":"  [1m[35m (0.5ms)[0m  [1m[34mSELECT DATABASE() as db[0m"
"_raw":"  [1m[35m (17.5ms)[0m  [1m[35mCREATE TABLE `ar_internal_metadata` (`key` varchar(255) PRIMARY KEY, `value` varchar(255), `created_at` datetime NOT NULL, `updated_at` datetime NOT NULL) ENGINE=InnoDB[0m"
"_raw":"  [1m[35m (18.1ms)[0m  [1m[35mCREATE TABLE `schema_migrations` (`version` varchar(255) PRIMARY KEY) ENGINE=InnoDB[0m"
"_raw":"  Rendered /usr/local/bundle/gems/railties-5.0.0.1/lib/rails/templates/rails/welcome/index.html.erb (2.9ms)\nCompleted 200 OK in 6ms (Views: 3.8ms | ActiveRecord: 0.0ms)\nStarted GET \"
"_raw":"  Rendered /usr/local/bundle/gems/railties-5.0.0.1/lib/rails/templates/rails/welcome/index.html.erb (2.5ms)\nCompleted 200 OK in 7ms (Views: 3.5ms | ActiveRecord: 0.0ms)\nStarted GET \"
"_raw":"  Rendered /usr/local/bundle/gems/railties-5.0.0.1/lib/rails/templates/rails/welcome/index.html.erb (19.3ms)\nCompleted 200 OK in 21ms (Views: 20.3ms | ActiveRecord: 0.0ms)\nStarted GET \"
"_raw":"  Rendered /usr/local/bundle/gems/railties-5.0.0.1/lib/rails/templates/rails/welcome/index.html.erb (7.4ms)\nCompleted 200 OK in 17ms (Views: 9.4ms | ActiveRecord: 0.0ms)\nStarted GET \"
"_raw":"  Rendered /usr/local/bundle/gems/railties-5.0.0.1/lib/rails/templates/rails/welcome/index.html.erb (8.8ms)\nCompleted 200 OK in 41ms (Views: 29.5ms | ActiveRecord: 0.0ms)\nStarted GET \"
"_raw":"  [1m[36mActiveRecord::SchemaMigration Load (0.3ms)[0m  [1m[34mSELECT `schema_migrations`.* FROM `schema_migrations`[0m\nStarted GET \"
"_raw":"  [1m[35mSQL (0.2ms)[0m  [1m[32mINSERT INTO `ar_internal_metadata` (`key`, `value`, `created_at`, `updated_at`) VALUES ('environment', 'development', '2016-11-14 02:12:19', '2016-11-14 02:12:19')[0m"
"_raw":"  [1m[36mActiveRecord::SchemaMigration Load (2.9ms)[0m  [1m[34mSELECT `schema_migrations`.* FROM `schema_migrations`[0m\nStarted GET \"
"_raw":"  [1m[35mSQL (0.2ms)[0m  [1m[32mINSERT INTO `ar_internal_metadata` (`key`, `value`, `created_at`, `updated_at`) VALUES ('environment', 'development', '2016-11-14 02:07:02', '2016-11-14 02:07:02')[0m"
"_raw":"  Rendered /usr/local/bundle/gems/railties-5.0.0.1/lib/rails/templates/rails/welcome/index.html.erb (4.0ms)\nCompleted 200 OK in 13ms (Views: 9.3ms | ActiveRecord: 0.0ms)\nStarted GET \"
"_raw":"  [1m[36mActiveRecord::SchemaMigration Load (0.3ms)[0m  [1m[34mSELECT `schema_migrations`.* FROM `schema_migrations`[0m\nStarted GET \"
"_raw":"  [1m[35mSQL (0.2ms)[0m  [1m[32mINSERT INTO `ar_internal_metadata` (`key`, `value`, `created_at`, `updated_at`) VALUES ('environment', 'development', '2016-11-14 01:46:50', '2016-11-14 01:46:50')[0m"
this is the end linethis is the end linethis is the end line